Build started 10/27/2015 1:34:55 PM.
     1>Project "C:\Users\AM_SOLNIK\Desktop\testGradesAVG\testGradesAVG.vcxproj" on node 2 (build target(s)).
     1>InitializeBuildStatus:
         Touching "Debug\testGradesAVG.unsuccessfulbuild".
       ClCompile:
         c:\Program Files (x86)\Microsoft Visual Studio 10.0\VC\bin\CL.exe /c /ZI /nologo /W3 /WX- /Od /Oy- /D _MBCS /Gm /EHsc /RTC1 /MDd /GS /fp:precise /Zc:wchar_t /Zc:forScope /Fo"Debug\\" /Fd"Debug\vc100.pdb" /Gd /TP /analyze- /errorReport:prompt main.cpp
         main.cpp
     1>c:\users\am_solnik\desktop\testgradesavg\main.cpp(25): fatal error C1075: end of file found before the left brace '{' at 'c:\users\am_solnik\desktop\testgradesavg\main.cpp(13)' was matched
     1>Done Building Project "C:\Users\AM_SOLNIK\Desktop\testGradesAVG\testGradesAVG.vcxproj" (build target(s)) -- FAILED.

Build FAILED.

Time Elapsed 00:00:00.24
