Build started 9/24/2015 1:19:54 PM.
     1>Project "C:\Users\AM_SOLNIK\Desktop\Project 1\Project 1.vcxproj" on node 2 (build target(s)).
     1>InitializeBuildStatus:
         Touching "Debug\Project 1.unsuccessfulbuild".
       ClCompile:
         All outputs are up-to-date.
       Link:
         c:\Program Files (x86)\Microsoft Visual Studio 10.0\VC\bin\link.exe /ERRORREPORT:PROMPT /OUT:"C:\Users\AM_SOLNIK\Desktop\Project 1\Debug\Project 1.exe" /NOLOGO kernel32.lib user32.lib gdi32.lib winspool.lib comdlg32.lib advapi32.lib shell32.lib ole32.lib oleaut32.lib uuid.lib odbc32.lib odbccp32.lib /MANIFEST /ManifestFile:"Debug\Project 1.exe.intermediate.manifest" /MANIFESTUAC:"level='asInvoker' uiAccess='false'" /DEBUG /PDB:"C:\Users\AM_SOLNIK\Desktop\Project 1\Debug\Project 1.pdb" /TLBID:1 /DYNAMICBASE /NXCOMPAT /IMPLIB:"C:\Users\AM_SOLNIK\Desktop\Project 1\Debug\Project 1.lib" /MACHINE:X86 "Debug\Project 1.obj"
         "Debug\Project 2.obj"
     1>Project 2.obj : error LNK2005: _main already defined in Project 1.obj
     1>C:\Users\AM_SOLNIK\Desktop\Project 1\Debug\Project 1.exe : fatal error LNK1169: one or more multiply defined symbols found
     1>Done Building Project "C:\Users\AM_SOLNIK\Desktop\Project 1\Project 1.vcxproj" (build target(s)) -- FAILED.

Build FAILED.

Time Elapsed 00:00:00.07
