Build started 1/10/2016 10:12:24 PM.
     1>Project "C:\Users\Daniel\Documents\GitHub\Project-Euler\Project Euler Problem 3\Project Euler Problem 3\Project Euler Problem 3.vcxproj" on node 2 (Build target(s)).
     1>ClCompile:
         C:\Program Files (x86)\Microsoft Visual Studio 12.0\VC\bin\CL.exe /c /ZI /nologo /W3 /WX- /sdl /Od /Oy- /D _MBCS /Gm /EHsc /RTC1 /MDd /GS /fp:precise /Zc:wchar_t /Zc:forScope /Fo"Debug\\" /Fd"Debug\vc120.pdb" /Gd /TP /analyze- /errorReport:prompt Source.cpp
         Source.cpp
     1>c:\users\daniel\documents\github\project-euler\project euler problem 3\project euler problem 3\source.cpp(11): error C2039: 'cout' : is not a member of 'std'
     1>c:\users\daniel\documents\github\project-euler\project euler problem 3\project euler problem 3\source.cpp(11): error C2065: 'cout' : undeclared identifier
     1>c:\users\daniel\documents\github\project-euler\project euler problem 3\project euler problem 3\source.cpp(11): error C2065: 'NUM' : undeclared identifier
     1>c:\users\daniel\documents\github\project-euler\project euler problem 3\project euler problem 3\source.cpp(11): error C2039: 'endl' : is not a member of 'std'
     1>c:\users\daniel\documents\github\project-euler\project euler problem 3\project euler problem 3\source.cpp(11): error C2065: 'endl' : undeclared identifier
     1>c:\users\daniel\documents\github\project-euler\project euler problem 3\project euler problem 3\source.cpp(13): error C2065: 'NUM' : undeclared identifier
     1>c:\users\daniel\documents\github\project-euler\project euler problem 3\project euler problem 3\source.cpp(15): error C2065: 'NUM' : undeclared identifier
     1>c:\users\daniel\documents\github\project-euler\project euler problem 3\project euler problem 3\source.cpp(17): error C2039: 'cout' : is not a member of 'std'
     1>c:\users\daniel\documents\github\project-euler\project euler problem 3\project euler problem 3\source.cpp(17): error C2065: 'cout' : undeclared identifier
     1>c:\users\daniel\documents\github\project-euler\project euler problem 3\project euler problem 3\source.cpp(17): error C2039: 'endl' : is not a member of 'std'
     1>c:\users\daniel\documents\github\project-euler\project euler problem 3\project euler problem 3\source.cpp(17): error C2065: 'endl' : undeclared identifier
     1>c:\users\daniel\documents\github\project-euler\project euler problem 3\project euler problem 3\source.cpp(18): error C3861: 'isPrime': identifier not found
     1>c:\users\daniel\documents\github\project-euler\project euler problem 3\project euler problem 3\source.cpp(25): error C2039: 'cout' : is not a member of 'std'
     1>c:\users\daniel\documents\github\project-euler\project euler problem 3\project euler problem 3\source.cpp(25): error C2065: 'cout' : undeclared identifier
     1>c:\users\daniel\documents\github\project-euler\project euler problem 3\project euler problem 3\source.cpp(25): error C2039: 'endl' : is not a member of 'std'
     1>c:\users\daniel\documents\github\project-euler\project euler problem 3\project euler problem 3\source.cpp(25): error C2065: 'endl' : undeclared identifier
     1>c:\users\daniel\documents\github\project-euler\project euler problem 3\project euler problem 3\source.cpp(26): error C2039: 'cout' : is not a member of 'std'
     1>c:\users\daniel\documents\github\project-euler\project euler problem 3\project euler problem 3\source.cpp(26): error C2065: 'cout' : undeclared identifier
     1>c:\users\daniel\documents\github\project-euler\project euler problem 3\project euler problem 3\source.cpp(26): error C2039: 'endl' : is not a member of 'std'
     1>c:\users\daniel\documents\github\project-euler\project euler problem 3\project euler problem 3\source.cpp(26): error C2065: 'endl' : undeclared identifier
     1>c:\users\daniel\documents\github\project-euler\project euler problem 3\project euler problem 3\source.cpp(27): error C3861: 'system': identifier not found
     1>Done Building Project "C:\Users\Daniel\Documents\GitHub\Project-Euler\Project Euler Problem 3\Project Euler Problem 3\Project Euler Problem 3.vcxproj" (Build target(s)) -- FAILED.

Build FAILED.

Time Elapsed 00:00:00.07
